<?xml version="1.0" encoding="UTF-8"?>
<testsuite name="com.capstone.momomeal.service.CheckModifyMemberService" tests="1" skipped="0" failures="0" errors="0" timestamp="2022-03-30T08:36:44" hostname="DESKTOP-SB39VDI" time="0.598">
  <properties/>
  <testcase name="get_Review_Result()" classname="com.capstone.momomeal.service.CheckModifyMemberService" time="0.598"/>
  <system-out><![CDATA[17:36:37.697 [Test worker] DEBUG org.springframework.test.context.BootstrapUtils - Instantiating CacheAwareContextLoaderDelegate from class [org.springframework.test.context.cache.DefaultCacheAwareContextLoaderDelegate]
17:36:37.712 [Test worker] DEBUG org.springframework.test.context.BootstrapUtils - Instantiating BootstrapContext using constructor [public org.springframework.test.context.support.DefaultBootstrapContext(java.lang.Class,org.springframework.test.context.CacheAwareContextLoaderDelegate)]
17:36:37.788 [Test worker] DEBUG org.springframework.test.context.BootstrapUtils - Instantiating TestContextBootstrapper for test class [com.capstone.momomeal.service.CheckModifyMemberService] from class [org.springframework.boot.test.context.SpringBootTestContextBootstrapper]
17:36:37.820 [Test worker] INFO org.springframework.boot.test.context.SpringBootTestContextBootstrapper - Neither @ContextConfiguration nor @ContextHierarchy found for test class [com.capstone.momomeal.service.CheckModifyMemberService], using SpringBootContextLoader
17:36:37.829 [Test worker] DEBUG org.springframework.test.context.support.AbstractContextLoader - Did not detect default resource location for test class [com.capstone.momomeal.service.CheckModifyMemberService]: class path resource [com/capstone/momomeal/service/CheckModifyMemberService-context.xml] does not exist
17:36:37.832 [Test worker] DEBUG org.springframework.test.context.support.AbstractContextLoader - Did not detect default resource location for test class [com.capstone.momomeal.service.CheckModifyMemberService]: class path resource [com/capstone/momomeal/service/CheckModifyMemberServiceContext.groovy] does not exist
17:36:37.833 [Test worker] INFO org.springframework.test.context.support.AbstractContextLoader - Could not detect default resource locations for test class [com.capstone.momomeal.service.CheckModifyMemberService]: no resource found for suffixes {-context.xml, Context.groovy}.
17:36:37.835 [Test worker] INFO org.springframework.test.context.support.AnnotationConfigContextLoaderUtils - Could not detect default configuration classes for test class [com.capstone.momomeal.service.CheckModifyMemberService]: CheckModifyMemberService does not declare any static, non-private, non-final, nested classes annotated with @Configuration.
17:36:37.934 [Test worker] DEBUG org.springframework.test.context.support.ActiveProfilesUtils - Could not find an 'annotation declaring class' for annotation type [org.springframework.test.context.ActiveProfiles] and class [com.capstone.momomeal.service.CheckModifyMemberService]
17:36:38.064 [Test worker] DEBUG org.springframework.context.annotation.ClassPathScanningCandidateComponentProvider - Identified candidate component class: file [C:\Users\dongw\Desktop\캡스톤_34조\momomeal\backend\momomeal\build\classes\java\main\com\capstone\momomeal\MomomealApplication.class]
17:36:38.067 [Test worker] INFO org.springframework.boot.test.context.SpringBootTestContextBootstrapper - Found @SpringBootConfiguration com.capstone.momomeal.MomomealApplication for test class com.capstone.momomeal.service.CheckModifyMemberService
17:36:38.362 [Test worker] DEBUG org.springframework.boot.test.context.SpringBootTestContextBootstrapper - @TestExecutionListeners is not present for class [com.capstone.momomeal.service.CheckModifyMemberService]: using defaults.
17:36:38.363 [Test worker] INFO org.springframework.boot.test.context.SpringBootTestContextBootstrapper - Loaded default TestExecutionListener class names from location [META-INF/spring.factories]: [org.springframework.boot.test.autoconfigure.restdocs.RestDocsTestExecutionListener, org.springframework.boot.test.autoconfigure.web.client.MockRestServiceServerResetTestExecutionListener, org.springframework.boot.test.autoconfigure.web.servlet.MockMvcPrintOnlyOnFailureTestExecutionListener, org.springframework.boot.test.autoconfigure.web.servlet.WebDriverTestExecutionListener, org.springframework.boot.test.autoconfigure.webservices.client.MockWebServiceServerTestExecutionListener, org.springframework.boot.test.mock.mockito.MockitoTestExecutionListener, org.springframework.boot.test.mock.mockito.ResetMocksTestExecutionListener, org.springframework.test.context.web.ServletTestExecutionListener, org.springframework.test.context.support.DirtiesContextBeforeModesTestExecutionListener, org.springframework.test.context.event.ApplicationEventsTestExecutionListener, org.springframework.test.context.support.DependencyInjectionTestExecutionListener, org.springframework.test.context.support.DirtiesContextTestExecutionListener, org.springframework.test.context.transaction.TransactionalTestExecutionListener, org.springframework.test.context.jdbc.SqlScriptsTestExecutionListener, org.springframework.test.context.event.EventPublishingTestExecutionListener]
17:36:38.390 [Test worker] INFO org.springframework.boot.test.context.SpringBootTestContextBootstrapper - Using TestExecutionListeners: [org.springframework.test.context.web.ServletTestExecutionListener@63a5e46c, org.springframework.test.context.support.DirtiesContextBeforeModesTestExecutionListener@7e8e8651, org.springframework.test.context.event.ApplicationEventsTestExecutionListener@49ef32e0, org.springframework.boot.test.mock.mockito.MockitoTestExecutionListener@271f18d3, org.springframework.boot.test.autoconfigure.SpringBootDependencyInjectionTestExecutionListener@6bd51ed8, org.springframework.test.context.support.DirtiesContextTestExecutionListener@61e3a1fd, org.springframework.test.context.transaction.TransactionalTestExecutionListener@51abf713, org.springframework.test.context.jdbc.SqlScriptsTestExecutionListener@eadb475, org.springframework.test.context.event.EventPublishingTestExecutionListener@4d4d48a6, org.springframework.boot.test.autoconfigure.restdocs.RestDocsTestExecutionListener@315df4bb, org.springframework.boot.test.autoconfigure.web.client.MockRestServiceServerResetTestExecutionListener@3fc08eec, org.springframework.boot.test.autoconfigure.web.servlet.MockMvcPrintOnlyOnFailureTestExecutionListener@5cad8b7d, org.springframework.boot.test.autoconfigure.web.servlet.WebDriverTestExecutionListener@7b02e036, org.springframework.boot.test.autoconfigure.webservices.client.MockWebServiceServerTestExecutionListener@25243bc1, org.springframework.boot.test.mock.mockito.ResetMocksTestExecutionListener@1e287667]
17:36:38.397 [Test worker] DEBUG org.springframework.test.context.support.AbstractDirtiesContextTestExecutionListener - Before test class: context [DefaultTestContext@6548bb7d testClass = CheckModifyMemberService, testInstance = [null], testMethod = [null], testException = [null], mergedContextConfiguration = [WebMergedContextConfiguration@e27ba81 testClass = CheckModifyMemberService, locations = '{}', classes = '{class com.capstone.momomeal.MomomealApplication}', contextInitializerClasses = '[]', activeProfiles = '{}', propertySourceLocations = '{}', propertySourceProperties = '{org.springframework.boot.test.context.SpringBootTestContextBootstrapper=true}', contextCustomizers = set[org.springframework.boot.test.autoconfigure.actuate.metrics.MetricsExportContextCustomizerFactory$DisableMetricExportContextCustomizer@609640d5, org.springframework.boot.test.autoconfigure.properties.PropertyMappingContextCustomizer@0, org.springframework.boot.test.autoconfigure.web.servlet.WebDriverContextCustomizerFactory$Customizer@64dafeed, org.springframework.boot.test.context.filter.ExcludeFilterContextCustomizer@7894f09b, org.springframework.boot.test.json.DuplicateJsonObjectContextCustomizerFactory$DuplicateJsonObjectContextCustomizer@7be58f16, org.springframework.boot.test.mock.mockito.MockitoContextCustomizer@0, org.springframework.boot.test.web.client.TestRestTemplateContextCustomizer@1e1d3956, org.springframework.boot.test.context.SpringBootTestArgs@1, org.springframework.boot.test.context.SpringBootTestWebEnvironment@24c22fe], resourceBasePath = 'src/main/webapp', contextLoader = 'org.springframework.boot.test.context.SpringBootContextLoader', parent = [null]], attributes = map['org.springframework.test.context.web.ServletTestExecutionListener.activateListener' -> true]], class annotated with @DirtiesContext [false] with mode [null].

  .   ____          _            __ _ _
 /\\ / ___'_ __ _ _(_)_ __  __ _ \ \ \ \
( ( )\___ | '_ | '_| | '_ \/ _` | \ \ \ \
 \\/  ___)| |_)| | | | | || (_| |  ) ) ) )
  '  |____| .__|_| |_|_| |_\__, | / / / /
 =========|_|==============|___/=/_/_/_/
 :: Spring Boot ::                (v2.6.4)

2022-03-30 17:36:38.987  INFO 20396 --- [    Test worker] c.c.m.service.CheckModifyMemberService   : Starting CheckModifyMemberService using Java 11.0.13 on DESKTOP-SB39VDI with PID 20396 (started by dongw in C:\Users\dongw\Desktop\캡스톤_34조\momomeal\backend\momomeal)
2022-03-30 17:36:38.988  INFO 20396 --- [    Test worker] c.c.m.service.CheckModifyMemberService   : No active profile set, falling back to 1 default profile: "default"
2022-03-30 17:36:40.190  INFO 20396 --- [    Test worker] .s.d.r.c.RepositoryConfigurationDelegate : Bootstrapping Spring Data JPA repositories in DEFAULT mode.
2022-03-30 17:36:40.251  INFO 20396 --- [    Test worker] .s.d.r.c.RepositoryConfigurationDelegate : Finished Spring Data repository scanning in 26 ms. Found 0 JPA repository interfaces.
2022-03-30 17:36:41.297  INFO 20396 --- [    Test worker] o.hibernate.jpa.internal.util.LogHelper  : HHH000204: Processing PersistenceUnitInfo [name: default]
2022-03-30 17:36:41.371  INFO 20396 --- [    Test worker] org.hibernate.Version                    : HHH000412: Hibernate ORM core version 5.6.5.Final
2022-03-30 17:36:41.629  INFO 20396 --- [    Test worker] o.hibernate.annotations.common.Version   : HCANN000001: Hibernate Commons Annotations {5.1.2.Final}
2022-03-30 17:36:41.798  INFO 20396 --- [    Test worker] com.zaxxer.hikari.HikariDataSource       : HikariPool-1 - Starting...
2022-03-30 17:36:41.996  INFO 20396 --- [    Test worker] com.zaxxer.hikari.HikariDataSource       : HikariPool-1 - Start completed.
2022-03-30 17:36:42.036  INFO 20396 --- [    Test worker] org.hibernate.dialect.Dialect            : HHH000400: Using dialect: org.hibernate.dialect.MySQL8Dialect
2022-03-30 17:36:43.079  INFO 20396 --- [    Test worker] o.h.e.t.j.p.i.JtaPlatformInitiator       : HHH000490: Using JtaPlatform implementation: [org.hibernate.engine.transaction.jta.platform.internal.NoJtaPlatform]
2022-03-30 17:36:43.088  INFO 20396 --- [    Test worker] j.LocalContainerEntityManagerFactoryBean : Initialized JPA EntityManagerFactory for persistence unit 'default'
2022-03-30 17:36:43.562  WARN 20396 --- [    Test worker] JpaBaseConfiguration$JpaWebConfiguration : spring.jpa.open-in-view is enabled by default. Therefore, database queries may be performed during view rendering. Explicitly configure spring.jpa.open-in-view to disable this warning
2022-03-30 17:36:44.334  INFO 20396 --- [    Test worker] c.c.m.service.CheckModifyMemberService   : Started CheckModifyMemberService in 5.874 seconds (JVM running for 8.416)
2022-03-30 17:36:44.443  INFO 20396 --- [    Test worker] o.s.t.c.transaction.TransactionContext   : Began transaction (1) for test context [DefaultTestContext@6548bb7d testClass = CheckModifyMemberService, testInstance = com.capstone.momomeal.service.CheckModifyMemberService@62ba3045, testMethod = get_Review_Result@CheckModifyMemberService, testException = [null], mergedContextConfiguration = [WebMergedContextConfiguration@e27ba81 testClass = CheckModifyMemberService, locations = '{}', classes = '{class com.capstone.momomeal.MomomealApplication}', contextInitializerClasses = '[]', activeProfiles = '{}', propertySourceLocations = '{}', propertySourceProperties = '{org.springframework.boot.test.context.SpringBootTestContextBootstrapper=true}', contextCustomizers = set[org.springframework.boot.test.autoconfigure.actuate.metrics.MetricsExportContextCustomizerFactory$DisableMetricExportContextCustomizer@609640d5, org.springframework.boot.test.autoconfigure.properties.PropertyMappingContextCustomizer@0, org.springframework.boot.test.autoconfigure.web.servlet.WebDriverContextCustomizerFactory$Customizer@64dafeed, org.springframework.boot.test.context.filter.ExcludeFilterContextCustomizer@7894f09b, org.springframework.boot.test.json.DuplicateJsonObjectContextCustomizerFactory$DuplicateJsonObjectContextCustomizer@7be58f16, org.springframework.boot.test.mock.mockito.MockitoContextCustomizer@0, org.springframework.boot.test.web.client.TestRestTemplateContextCustomizer@1e1d3956, org.springframework.boot.test.context.SpringBootTestArgs@1, org.springframework.boot.test.context.SpringBootTestWebEnvironment@24c22fe], resourceBasePath = 'src/main/webapp', contextLoader = 'org.springframework.boot.test.context.SpringBootContextLoader', parent = [null]], attributes = map['org.springframework.test.context.web.ServletTestExecutionListener.activateListener' -> true, 'org.springframework.test.context.web.ServletTestExecutionListener.populatedRequestContextHolder' -> true, 'org.springframework.test.context.web.ServletTestExecutionListener.resetRequestContextHolder' -> true, 'org.springframework.test.context.event.ApplicationEventsTestExecutionListener.recordApplicationEvents' -> false]]; transaction manager [org.springframework.orm.jpa.JpaTransactionManager@66f223fa]; rollback [true]
Hibernate: 
    select
        members0_.user_id as user_id1_3_,
        members0_.age as age2_3_,
        members0_.email as email3_3_,
        members0_.img_dc as img_dc4_3_,
        members0_.phone_number as phone_nu5_3_,
        members0_.pwd as pwd6_3_,
        members0_.real_name as real_nam7_3_,
        members0_.user_rate as user_rat8_3_ 
    from
        members members0_ 
    where
        members0_.pwd=? 
        and members0_.email=?
Hibernate: 
    select
        next_val as id_val 
    from
        hibernate_sequence for update
            
Hibernate: 
    update
        hibernate_sequence 
    set
        next_val= ? 
    where
        next_val=?
Hibernate: 
    select
        next_val as id_val 
    from
        hibernate_sequence for update
            
Hibernate: 
    update
        hibernate_sequence 
    set
        next_val= ? 
    where
        next_val=?
Hibernate: 
    insert 
    into
        member_review
        (user_id, rate, review_text, review_id) 
    values
        (?, ?, ?, ?)
Hibernate: 
    insert 
    into
        member_review
        (user_id, rate, review_text, review_id) 
    values
        (?, ?, ?, ?)
Hibernate: 
    select
        memberrevi0_.review_id as review_i1_2_,
        memberrevi0_.user_id as user_id4_2_,
        memberrevi0_.rate as rate2_2_,
        memberrevi0_.review_text as review_t3_2_ 
    from
        member_review memberrevi0_ 
    where
        memberrevi0_.user_id=?
result size : 2
2022-03-30 17:36:44.953  INFO 20396 --- [    Test worker] o.s.t.c.transaction.TransactionContext   : Rolled back transaction for test: [DefaultTestContext@6548bb7d testClass = CheckModifyMemberService, testInstance = com.capstone.momomeal.service.CheckModifyMemberService@62ba3045, testMethod = get_Review_Result@CheckModifyMemberService, testException = [null], mergedContextConfiguration = [WebMergedContextConfiguration@e27ba81 testClass = CheckModifyMemberService, locations = '{}', classes = '{class com.capstone.momomeal.MomomealApplication}', contextInitializerClasses = '[]', activeProfiles = '{}', propertySourceLocations = '{}', propertySourceProperties = '{org.springframework.boot.test.context.SpringBootTestContextBootstrapper=true}', contextCustomizers = set[org.springframework.boot.test.autoconfigure.actuate.metrics.MetricsExportContextCustomizerFactory$DisableMetricExportContextCustomizer@609640d5, org.springframework.boot.test.autoconfigure.properties.PropertyMappingContextCustomizer@0, org.springframework.boot.test.autoconfigure.web.servlet.WebDriverContextCustomizerFactory$Customizer@64dafeed, org.springframework.boot.test.context.filter.ExcludeFilterContextCustomizer@7894f09b, org.springframework.boot.test.json.DuplicateJsonObjectContextCustomizerFactory$DuplicateJsonObjectContextCustomizer@7be58f16, org.springframework.boot.test.mock.mockito.MockitoContextCustomizer@0, org.springframework.boot.test.web.client.TestRestTemplateContextCustomizer@1e1d3956, org.springframework.boot.test.context.SpringBootTestArgs@1, org.springframework.boot.test.context.SpringBootTestWebEnvironment@24c22fe], resourceBasePath = 'src/main/webapp', contextLoader = 'org.springframework.boot.test.context.SpringBootContextLoader', parent = [null]], attributes = map['org.springframework.test.context.web.ServletTestExecutionListener.activateListener' -> true, 'org.springframework.test.context.web.ServletTestExecutionListener.populatedRequestContextHolder' -> true, 'org.springframework.test.context.web.ServletTestExecutionListener.resetRequestContextHolder' -> true, 'org.springframework.test.context.event.ApplicationEventsTestExecutionListener.recordApplicationEvents' -> false]]
]]></system-out>
  <system-err><![CDATA[]]></system-err>
</testsuite>
